{"/Users/brianpatino/Projects/web/full-stack-exercises/part4/bloglist/utils/list_helper.js": {"path":"/Users/brianpatino/Projects/web/full-stack-exercises/part4/bloglist/utils/list_helper.js","all":false,"statementMap":{"0":{"start":{"line":1,"column":0},"end":{"line":1,"column":0}},"1":{"start":{"line":2,"column":0},"end":{"line":2,"column":26}},"2":{"start":{"line":3,"column":0},"end":{"line":3,"column":11}},"3":{"start":{"line":4,"column":0},"end":{"line":4,"column":2}},"4":{"start":{"line":5,"column":0},"end":{"line":5,"column":0}},"5":{"start":{"line":6,"column":0},"end":{"line":6,"column":31}},"6":{"start":{"line":7,"column":0},"end":{"line":7,"column":34}},"7":{"start":{"line":8,"column":0},"end":{"line":8,"column":28}},"8":{"start":{"line":9,"column":0},"end":{"line":9,"column":4}},"9":{"start":{"line":10,"column":0},"end":{"line":10,"column":0}},"10":{"start":{"line":11,"column":0},"end":{"line":11,"column":34}},"11":{"start":{"line":12,"column":0},"end":{"line":12,"column":2}},"12":{"start":{"line":13,"column":0},"end":{"line":13,"column":0}},"13":{"start":{"line":14,"column":0},"end":{"line":14,"column":33}},"14":{"start":{"line":15,"column":0},"end":{"line":15,"column":39}},"15":{"start":{"line":16,"column":0},"end":{"line":16,"column":57}},"16":{"start":{"line":17,"column":0},"end":{"line":17,"column":4}},"17":{"start":{"line":18,"column":0},"end":{"line":18,"column":0}},"18":{"start":{"line":19,"column":0},"end":{"line":19,"column":35}},"19":{"start":{"line":20,"column":0},"end":{"line":20,"column":2}},"20":{"start":{"line":21,"column":0},"end":{"line":21,"column":0}},"21":{"start":{"line":22,"column":0},"end":{"line":22,"column":18}},"22":{"start":{"line":23,"column":0},"end":{"line":23,"column":8}},"23":{"start":{"line":24,"column":0},"end":{"line":24,"column":13}},"24":{"start":{"line":25,"column":0},"end":{"line":25,"column":15}},"25":{"start":{"line":26,"column":0},"end":{"line":26,"column":2}}},"s":{"0":1,"1":1,"2":1,"3":1,"4":1,"5":1,"6":3,"7":5,"8":3,"9":3,"10":3,"11":3,"12":1,"13":1,"14":3,"15":5,"16":3,"17":3,"18":3,"19":3,"20":1,"21":1,"22":1,"23":1,"24":1,"25":1},"branchMap":{"0":{"type":"branch","line":2,"loc":{"start":{"line":2,"column":15},"end":{"line":4,"column":2}},"locations":[{"start":{"line":2,"column":15},"end":{"line":4,"column":2}}]},"1":{"type":"branch","line":6,"loc":{"start":{"line":6,"column":20},"end":{"line":12,"column":2}},"locations":[{"start":{"line":6,"column":20},"end":{"line":12,"column":2}}]},"2":{"type":"branch","line":7,"loc":{"start":{"line":7,"column":18},"end":{"line":9,"column":3}},"locations":[{"start":{"line":7,"column":18},"end":{"line":9,"column":3}}]},"3":{"type":"branch","line":14,"loc":{"start":{"line":14,"column":22},"end":{"line":20,"column":2}},"locations":[{"start":{"line":14,"column":22},"end":{"line":20,"column":2}}]},"4":{"type":"branch","line":15,"loc":{"start":{"line":15,"column":18},"end":{"line":17,"column":3}},"locations":[{"start":{"line":15,"column":18},"end":{"line":17,"column":3}}]},"5":{"type":"branch","line":16,"loc":{"start":{"line":16,"column":38},"end":{"line":16,"column":49}},"locations":[{"start":{"line":16,"column":38},"end":{"line":16,"column":49}}]},"6":{"type":"branch","line":16,"loc":{"start":{"line":16,"column":49},"end":{"line":16,"column":56}},"locations":[{"start":{"line":16,"column":49},"end":{"line":16,"column":56}}]}},"b":{"0":[1],"1":[3],"2":[5],"3":[3],"4":[5],"5":[1],"6":[4]},"fnMap":{"0":{"name":"dummy","decl":{"start":{"line":2,"column":15},"end":{"line":4,"column":2}},"loc":{"start":{"line":2,"column":15},"end":{"line":4,"column":2}},"line":2},"1":{"name":"totalLikes","decl":{"start":{"line":6,"column":20},"end":{"line":12,"column":2}},"loc":{"start":{"line":6,"column":20},"end":{"line":12,"column":2}},"line":6},"2":{"name":"reducer","decl":{"start":{"line":7,"column":18},"end":{"line":9,"column":3}},"loc":{"start":{"line":7,"column":18},"end":{"line":9,"column":3}},"line":7},"3":{"name":"favoriteBlog","decl":{"start":{"line":14,"column":22},"end":{"line":20,"column":2}},"loc":{"start":{"line":14,"column":22},"end":{"line":20,"column":2}},"line":14},"4":{"name":"reducer","decl":{"start":{"line":15,"column":18},"end":{"line":17,"column":3}},"loc":{"start":{"line":15,"column":18},"end":{"line":17,"column":3}},"line":15}},"f":{"0":1,"1":3,"2":5,"3":3,"4":5}}
}
