{"/Users/brianpatino/Projects/web/full-stack-exercises/part4/bloglist/utils/list_helper.js": {"path":"/Users/brianpatino/Projects/web/full-stack-exercises/part4/bloglist/utils/list_helper.js","all":false,"statementMap":{"0":{"start":{"line":1,"column":0},"end":{"line":1,"column":0}},"1":{"start":{"line":2,"column":0},"end":{"line":2,"column":21}},"2":{"start":{"line":3,"column":0},"end":{"line":3,"column":11}},"3":{"start":{"line":4,"column":0},"end":{"line":4,"column":2}},"4":{"start":{"line":5,"column":0},"end":{"line":5,"column":0}},"5":{"start":{"line":6,"column":0},"end":{"line":6,"column":31}},"6":{"start":{"line":7,"column":0},"end":{"line":7,"column":34}},"7":{"start":{"line":8,"column":0},"end":{"line":8,"column":28}},"8":{"start":{"line":9,"column":0},"end":{"line":9,"column":4}},"9":{"start":{"line":10,"column":0},"end":{"line":10,"column":0}},"10":{"start":{"line":11,"column":0},"end":{"line":11,"column":34}},"11":{"start":{"line":12,"column":0},"end":{"line":12,"column":2}},"12":{"start":{"line":13,"column":0},"end":{"line":13,"column":0}},"13":{"start":{"line":14,"column":0},"end":{"line":14,"column":33}},"14":{"start":{"line":15,"column":0},"end":{"line":15,"column":39}},"15":{"start":{"line":16,"column":0},"end":{"line":16,"column":57}},"16":{"start":{"line":17,"column":0},"end":{"line":17,"column":4}},"17":{"start":{"line":18,"column":0},"end":{"line":18,"column":0}},"18":{"start":{"line":19,"column":0},"end":{"line":19,"column":35}},"19":{"start":{"line":20,"column":0},"end":{"line":20,"column":2}},"20":{"start":{"line":21,"column":0},"end":{"line":21,"column":0}},"21":{"start":{"line":22,"column":0},"end":{"line":22,"column":30}},"22":{"start":{"line":23,"column":0},"end":{"line":23,"column":35}},"23":{"start":{"line":24,"column":0},"end":{"line":24,"column":62}},"24":{"start":{"line":25,"column":0},"end":{"line":25,"column":83}},"25":{"start":{"line":26,"column":0},"end":{"line":26,"column":16}},"26":{"start":{"line":27,"column":0},"end":{"line":27,"column":4}},"27":{"start":{"line":28,"column":0},"end":{"line":28,"column":0}},"28":{"start":{"line":29,"column":0},"end":{"line":29,"column":40}},"29":{"start":{"line":30,"column":0},"end":{"line":30,"column":49}},"30":{"start":{"line":31,"column":0},"end":{"line":31,"column":4}},"31":{"start":{"line":32,"column":0},"end":{"line":32,"column":0}},"32":{"start":{"line":33,"column":0},"end":{"line":33,"column":41}},"33":{"start":{"line":34,"column":0},"end":{"line":34,"column":39}},"34":{"start":{"line":35,"column":0},"end":{"line":35,"column":2}},"35":{"start":{"line":36,"column":0},"end":{"line":36,"column":0}},"36":{"start":{"line":37,"column":0},"end":{"line":37,"column":30}},"37":{"start":{"line":38,"column":0},"end":{"line":38,"column":35}},"38":{"start":{"line":39,"column":0},"end":{"line":39,"column":62}},"39":{"start":{"line":40,"column":0},"end":{"line":40,"column":101}},"40":{"start":{"line":41,"column":0},"end":{"line":41,"column":16}},"41":{"start":{"line":42,"column":0},"end":{"line":42,"column":4}},"42":{"start":{"line":43,"column":0},"end":{"line":43,"column":0}},"43":{"start":{"line":44,"column":0},"end":{"line":44,"column":40}},"44":{"start":{"line":45,"column":0},"end":{"line":45,"column":49}},"45":{"start":{"line":46,"column":0},"end":{"line":46,"column":4}},"46":{"start":{"line":47,"column":0},"end":{"line":47,"column":0}},"47":{"start":{"line":48,"column":0},"end":{"line":48,"column":41}},"48":{"start":{"line":49,"column":0},"end":{"line":49,"column":39}},"49":{"start":{"line":50,"column":0},"end":{"line":50,"column":2}},"50":{"start":{"line":51,"column":0},"end":{"line":51,"column":0}},"51":{"start":{"line":52,"column":0},"end":{"line":52,"column":18}},"52":{"start":{"line":53,"column":0},"end":{"line":53,"column":8}},"53":{"start":{"line":54,"column":0},"end":{"line":54,"column":13}},"54":{"start":{"line":55,"column":0},"end":{"line":55,"column":15}},"55":{"start":{"line":56,"column":0},"end":{"line":56,"column":12}},"56":{"start":{"line":57,"column":0},"end":{"line":57,"column":12}},"57":{"start":{"line":58,"column":0},"end":{"line":58,"column":2}}},"s":{"0":1,"1":1,"2":1,"3":1,"4":1,"5":1,"6":3,"7":5,"8":3,"9":3,"10":3,"11":3,"12":1,"13":1,"14":3,"15":5,"16":3,"17":3,"18":3,"19":3,"20":1,"21":1,"22":3,"23":7,"24":7,"25":7,"26":3,"27":3,"28":3,"29":4,"30":3,"31":3,"32":3,"33":3,"34":3,"35":1,"36":1,"37":3,"38":7,"39":7,"40":7,"41":3,"42":3,"43":3,"44":4,"45":3,"46":3,"47":3,"48":3,"49":3,"50":1,"51":1,"52":1,"53":1,"54":1,"55":1,"56":1,"57":1},"branchMap":{"0":{"type":"branch","line":2,"loc":{"start":{"line":2,"column":14},"end":{"line":4,"column":2}},"locations":[{"start":{"line":2,"column":14},"end":{"line":4,"column":2}}]},"1":{"type":"branch","line":6,"loc":{"start":{"line":6,"column":20},"end":{"line":12,"column":2}},"locations":[{"start":{"line":6,"column":20},"end":{"line":12,"column":2}}]},"2":{"type":"branch","line":7,"loc":{"start":{"line":7,"column":18},"end":{"line":9,"column":3}},"locations":[{"start":{"line":7,"column":18},"end":{"line":9,"column":3}}]},"3":{"type":"branch","line":14,"loc":{"start":{"line":14,"column":22},"end":{"line":20,"column":2}},"locations":[{"start":{"line":14,"column":22},"end":{"line":20,"column":2}}]},"4":{"type":"branch","line":15,"loc":{"start":{"line":15,"column":18},"end":{"line":17,"column":3}},"locations":[{"start":{"line":15,"column":18},"end":{"line":17,"column":3}}]},"5":{"type":"branch","line":16,"loc":{"start":{"line":16,"column":38},"end":{"line":16,"column":49}},"locations":[{"start":{"line":16,"column":38},"end":{"line":16,"column":49}}]},"6":{"type":"branch","line":16,"loc":{"start":{"line":16,"column":49},"end":{"line":16,"column":56}},"locations":[{"start":{"line":16,"column":49},"end":{"line":16,"column":56}}]},"7":{"type":"branch","line":22,"loc":{"start":{"line":22,"column":19},"end":{"line":35,"column":2}},"locations":[{"start":{"line":22,"column":19},"end":{"line":35,"column":2}}]},"8":{"type":"branch","line":23,"loc":{"start":{"line":23,"column":18},"end":{"line":27,"column":3}},"locations":[{"start":{"line":23,"column":18},"end":{"line":27,"column":3}}]},"9":{"type":"branch","line":25,"loc":{"start":{"line":25,"column":13},"end":{"line":25,"column":35}},"locations":[{"start":{"line":25,"column":13},"end":{"line":25,"column":35}}]},"10":{"type":"branch","line":25,"loc":{"start":{"line":25,"column":35},"end":{"line":25,"column":82}},"locations":[{"start":{"line":25,"column":35},"end":{"line":25,"column":82}}]},"11":{"type":"branch","line":24,"loc":{"start":{"line":24,"column":30},"end":{"line":24,"column":60}},"locations":[{"start":{"line":24,"column":30},"end":{"line":24,"column":60}}]},"12":{"type":"branch","line":29,"loc":{"start":{"line":29,"column":23},"end":{"line":31,"column":3}},"locations":[{"start":{"line":29,"column":23},"end":{"line":31,"column":3}}]},"13":{"type":"branch","line":30,"loc":{"start":{"line":30,"column":34},"end":{"line":30,"column":41}},"locations":[{"start":{"line":30,"column":34},"end":{"line":30,"column":41}}]},"14":{"type":"branch","line":37,"loc":{"start":{"line":37,"column":19},"end":{"line":50,"column":2}},"locations":[{"start":{"line":37,"column":19},"end":{"line":50,"column":2}}]},"15":{"type":"branch","line":38,"loc":{"start":{"line":38,"column":18},"end":{"line":42,"column":3}},"locations":[{"start":{"line":38,"column":18},"end":{"line":42,"column":3}}]},"16":{"type":"branch","line":40,"loc":{"start":{"line":40,"column":13},"end":{"line":40,"column":44}},"locations":[{"start":{"line":40,"column":13},"end":{"line":40,"column":44}}]},"17":{"type":"branch","line":40,"loc":{"start":{"line":40,"column":44},"end":{"line":40,"column":100}},"locations":[{"start":{"line":40,"column":44},"end":{"line":40,"column":100}}]},"18":{"type":"branch","line":39,"loc":{"start":{"line":39,"column":30},"end":{"line":39,"column":60}},"locations":[{"start":{"line":39,"column":30},"end":{"line":39,"column":60}}]},"19":{"type":"branch","line":44,"loc":{"start":{"line":44,"column":23},"end":{"line":46,"column":3}},"locations":[{"start":{"line":44,"column":23},"end":{"line":46,"column":3}}]},"20":{"type":"branch","line":45,"loc":{"start":{"line":45,"column":34},"end":{"line":45,"column":41}},"locations":[{"start":{"line":45,"column":34},"end":{"line":45,"column":41}}]},"21":{"type":"branch","line":45,"loc":{"start":{"line":45,"column":41},"end":{"line":45,"column":48}},"locations":[{"start":{"line":45,"column":41},"end":{"line":45,"column":48}}]}},"b":{"0":[1],"1":[3],"2":[5],"3":[3],"4":[5],"5":[1],"6":[4],"7":[3],"8":[7],"9":[3],"10":[4],"11":[11],"12":[4],"13":[0],"14":[3],"15":[7],"16":[3],"17":[4],"18":[11],"19":[4],"20":[1],"21":[3]},"fnMap":{"0":{"name":"dummy","decl":{"start":{"line":2,"column":14},"end":{"line":4,"column":2}},"loc":{"start":{"line":2,"column":14},"end":{"line":4,"column":2}},"line":2},"1":{"name":"totalLikes","decl":{"start":{"line":6,"column":20},"end":{"line":12,"column":2}},"loc":{"start":{"line":6,"column":20},"end":{"line":12,"column":2}},"line":6},"2":{"name":"reducer","decl":{"start":{"line":7,"column":18},"end":{"line":9,"column":3}},"loc":{"start":{"line":7,"column":18},"end":{"line":9,"column":3}},"line":7},"3":{"name":"favoriteBlog","decl":{"start":{"line":14,"column":22},"end":{"line":20,"column":2}},"loc":{"start":{"line":14,"column":22},"end":{"line":20,"column":2}},"line":14},"4":{"name":"reducer","decl":{"start":{"line":15,"column":18},"end":{"line":17,"column":3}},"loc":{"start":{"line":15,"column":18},"end":{"line":17,"column":3}},"line":15},"5":{"name":"mostBlogs","decl":{"start":{"line":22,"column":19},"end":{"line":35,"column":2}},"loc":{"start":{"line":22,"column":19},"end":{"line":35,"column":2}},"line":22},"6":{"name":"reducer","decl":{"start":{"line":23,"column":18},"end":{"line":27,"column":3}},"loc":{"start":{"line":23,"column":18},"end":{"line":27,"column":3}},"line":23},"7":{"name":"finalReducer","decl":{"start":{"line":29,"column":23},"end":{"line":31,"column":3}},"loc":{"start":{"line":29,"column":23},"end":{"line":31,"column":3}},"line":29},"8":{"name":"mostLikes","decl":{"start":{"line":37,"column":19},"end":{"line":50,"column":2}},"loc":{"start":{"line":37,"column":19},"end":{"line":50,"column":2}},"line":37},"9":{"name":"reducer","decl":{"start":{"line":38,"column":18},"end":{"line":42,"column":3}},"loc":{"start":{"line":38,"column":18},"end":{"line":42,"column":3}},"line":38},"10":{"name":"finalReducer","decl":{"start":{"line":44,"column":23},"end":{"line":46,"column":3}},"loc":{"start":{"line":44,"column":23},"end":{"line":46,"column":3}},"line":44}},"f":{"0":1,"1":3,"2":5,"3":3,"4":5,"5":3,"6":7,"7":4,"8":3,"9":7,"10":4}}
}
