TN:
SF:app.js
FNF:0
FNH:0
DA:1,1
DA:2,1
DA:3,1
DA:4,1
DA:5,1
DA:6,1
DA:7,1
DA:8,1
DA:9,1
DA:10,1
DA:11,1
DA:12,1
DA:13,1
DA:14,1
DA:15,1
DA:16,1
DA:17,1
DA:18,1
DA:19,1
DA:20,1
DA:21,0
DA:22,1
DA:23,1
DA:24,1
DA:25,0
DA:26,0
DA:27,0
DA:28,0
DA:29,0
DA:30,0
DA:31,0
DA:32,1
DA:33,1
DA:34,1
DA:35,1
DA:36,1
DA:37,1
DA:38,1
DA:39,1
DA:40,1
DA:41,1
DA:42,1
DA:43,1
LF:43
LH:35
BRDA:24,0,0,0
BRDA:15,1,0,1
BRDA:18,2,0,1
BRF:3
BRH:2
end_of_record
TN:
SF:controllers/blog.controller.js
FNF:0
FNH:0
DA:1,1
DA:2,1
DA:3,1
DA:4,1
DA:5,1
DA:6,1
DA:7,1
DA:8,1
DA:9,1
DA:10,1
DA:11,0
DA:12,0
DA:13,0
DA:14,0
DA:15,0
DA:16,1
DA:17,1
DA:18,1
LF:18
LH:13
BRDA:4,0,0,1
BRDA:5,1,0,1
BRF:2
BRH:2
end_of_record
TN:
SF:models/blog.model.js
FN:11,transform
FNF:1
FNH:0
FNDA:0,transform
DA:1,1
DA:2,1
DA:3,1
DA:4,1
DA:5,1
DA:6,1
DA:7,1
DA:8,1
DA:9,1
DA:10,1
DA:11,1
DA:12,0
DA:13,0
DA:14,0
DA:15,0
DA:16,1
DA:17,1
DA:18,1
LF:18
LH:14
BRF:0
BRH:0
end_of_record
TN:
SF:utils/env.config.js
FNF:0
FNH:0
DA:1,1
DA:2,1
DA:3,1
DA:4,1
DA:5,1
DA:6,1
DA:7,1
DA:8,1
DA:9,1
LF:9
LH:9
BRF:0
BRH:0
end_of_record
TN:
SF:utils/list_helper.js
FN:2,dummy
FN:6,totalLikes
FN:7,reducer
FN:14,favoriteBlog
FN:15,reducer
FN:22,mostBlogs
FN:23,reducer
FN:29,finalReducer
FN:37,mostLikes
FN:38,reducer
FN:44,finalReducer
FNF:11
FNH:11
FNDA:1,dummy
FNDA:3,totalLikes
FNDA:5,reducer
FNDA:3,favoriteBlog
FNDA:5,reducer
FNDA:3,mostBlogs
FNDA:7,reducer
FNDA:4,finalReducer
FNDA:3,mostLikes
FNDA:7,reducer
FNDA:4,finalReducer
DA:1,1
DA:2,1
DA:3,1
DA:4,1
DA:5,1
DA:6,1
DA:7,3
DA:8,5
DA:9,3
DA:10,3
DA:11,3
DA:12,3
DA:13,1
DA:14,1
DA:15,3
DA:16,5
DA:17,3
DA:18,3
DA:19,3
DA:20,3
DA:21,1
DA:22,1
DA:23,3
DA:24,7
DA:25,7
DA:26,7
DA:27,3
DA:28,3
DA:29,3
DA:30,4
DA:31,3
DA:32,3
DA:33,3
DA:34,3
DA:35,3
DA:36,1
DA:37,1
DA:38,3
DA:39,7
DA:40,7
DA:41,7
DA:42,3
DA:43,3
DA:44,3
DA:45,4
DA:46,3
DA:47,3
DA:48,3
DA:49,3
DA:50,3
DA:51,1
DA:52,1
DA:53,1
DA:54,1
DA:55,1
DA:56,1
DA:57,1
DA:58,1
LF:58
LH:58
BRDA:2,0,0,1
BRDA:6,1,0,3
BRDA:7,2,0,5
BRDA:14,3,0,3
BRDA:15,4,0,5
BRDA:16,5,0,1
BRDA:16,6,0,4
BRDA:22,7,0,3
BRDA:23,8,0,7
BRDA:25,9,0,3
BRDA:25,10,0,4
BRDA:24,11,0,11
BRDA:29,12,0,4
BRDA:30,13,0,0
BRDA:37,14,0,3
BRDA:38,15,0,7
BRDA:40,16,0,3
BRDA:40,17,0,4
BRDA:39,18,0,11
BRDA:44,19,0,4
BRDA:45,20,0,1
BRDA:45,21,0,3
BRF:22
BRH:21
end_of_record
TN:
SF:utils/log.logger.js
FN:1,info
FN:7,error
FNF:2
FNH:1
FNDA:5,info
FNDA:0,error
DA:1,1
DA:2,5
DA:3,0
DA:4,0
DA:5,5
DA:6,1
DA:7,1
DA:8,0
DA:9,0
DA:10,1
DA:11,1
DA:12,1
DA:13,1
DA:14,1
LF:14
LH:10
BRDA:1,0,0,5
BRDA:2,1,0,0
BRF:2
BRH:1
end_of_record
TN:
SF:utils/logger.middleware.js
FN:3,requestLogger
FN:11,unknownEndpoint
FN:15,errorHandler
FNF:3
FNH:1
FNDA:1,requestLogger
FNDA:0,unknownEndpoint
FNDA:0,errorHandler
DA:1,1
DA:2,1
DA:3,1
DA:4,1
DA:5,1
DA:6,1
DA:7,1
DA:8,1
DA:9,1
DA:10,1
DA:11,1
DA:12,0
DA:13,0
DA:14,1
DA:15,1
DA:16,0
DA:17,0
DA:18,0
DA:19,0
DA:20,0
DA:21,0
DA:22,0
DA:23,0
DA:24,0
DA:25,0
DA:26,1
DA:27,1
DA:28,1
DA:29,1
DA:30,1
DA:31,1
LF:31
LH:19
BRDA:3,0,0,1
BRF:1
BRH:1
end_of_record
