TN:
SF:utils/list_helper.js
FN:2,dummy
FN:6,totalLikes
FN:7,reducer
FN:14,favoriteBlog
FN:15,reducer
FN:22,mostBlogs
FN:23,reducer
FN:29,finalReducer
FN:37,mostLikes
FN:38,reducer
FN:44,finalReducer
FNF:11
FNH:11
FNDA:1,dummy
FNDA:3,totalLikes
FNDA:5,reducer
FNDA:3,favoriteBlog
FNDA:5,reducer
FNDA:3,mostBlogs
FNDA:7,reducer
FNDA:4,finalReducer
FNDA:3,mostLikes
FNDA:7,reducer
FNDA:4,finalReducer
DA:1,1
DA:2,1
DA:3,1
DA:4,1
DA:5,1
DA:6,1
DA:7,3
DA:8,5
DA:9,3
DA:10,3
DA:11,3
DA:12,3
DA:13,1
DA:14,1
DA:15,3
DA:16,5
DA:17,3
DA:18,3
DA:19,3
DA:20,3
DA:21,1
DA:22,1
DA:23,3
DA:24,7
DA:25,7
DA:26,7
DA:27,3
DA:28,3
DA:29,3
DA:30,4
DA:31,3
DA:32,3
DA:33,3
DA:34,3
DA:35,3
DA:36,1
DA:37,1
DA:38,3
DA:39,7
DA:40,7
DA:41,7
DA:42,3
DA:43,3
DA:44,3
DA:45,4
DA:46,3
DA:47,3
DA:48,3
DA:49,3
DA:50,3
DA:51,1
DA:52,1
DA:53,1
DA:54,1
DA:55,1
DA:56,1
DA:57,1
DA:58,1
LF:58
LH:58
BRDA:2,0,0,1
BRDA:6,1,0,3
BRDA:7,2,0,5
BRDA:14,3,0,3
BRDA:15,4,0,5
BRDA:16,5,0,1
BRDA:16,6,0,4
BRDA:22,7,0,3
BRDA:23,8,0,7
BRDA:25,9,0,3
BRDA:25,10,0,4
BRDA:24,11,0,11
BRDA:29,12,0,4
BRDA:30,13,0,0
BRDA:37,14,0,3
BRDA:38,15,0,7
BRDA:40,16,0,3
BRDA:40,17,0,4
BRDA:39,18,0,11
BRDA:44,19,0,4
BRDA:45,20,0,1
BRDA:45,21,0,3
BRF:22
BRH:21
end_of_record
